<?xml version="1.0" encoding="UTF-8"?>
<!-- Generated by org.testng.reporters.JUnitReportReporter -->
<testsuite hostname="GalaxyBook2Pro" failures="0" tests="2" name="rahulshettyacademy.tests.SubmitOrderTest" time="12.786" errors="0" timestamp="2024-06-20T05:43:52 IST" skipped="0">
  <testcase classname="rahulshettyacademy.tests.SubmitOrderTest" name="SubmitOrder" time="6.663"/>
  <testcase classname="rahulshettyacademy.tests.SubmitOrderTest" name="SubmitOrder" time="6.123"/>
</testsuite> <!-- rahulshettyacademy.tests.SubmitOrderTest -->
